INFO:werkzeug:[31m[1mWARNING: This is a development server. Do not use it in a production deployment. Use a production WSGI server instead.[0m
 * Running on all addresses (0.0.0.0)
 * Running on http://127.0.0.1:5000
 * Running on http://192.168.1.10:5000
INFO:werkzeug:[33mPress CTRL+C to quit[0m
INFO:root:FILE RECIEVED TO API
INFO:root:<FileStorage: 'name.jpeg' ('image/jpeg')> THIS IS TO BE RETURNED TO OCR 
INFO:root: jpg orig IMAGE SAVED TO SERVER
INFO:root:b"[HOM, 8, Date: 08122016,    , Unique Identification Authority of India,     Enrollment No.: 2821 42107 02084, 107264209, To,  , Government of India, , , Yashwarthan Lohra, CO: Yogesh Krishna Lalva., 1806. Woodstock, Rodas Enclave Hranandani ECB Road, VTC Tha, PO. Sandazbeugh, Sub, State Maharashtra, PIN Code: 400607., Mobile: 9310546301, MIGO72642097F1, District Thane, District Thane,,      Your Aadhaar No.:, 8616 8006 2346,    ,  , Goverment of India, , Yashwardhan Lohra,   DOB 18 09 2011,    Mae, 8616 8006 2346,    ]":::: FORMATTED STRING FROM GOOGLE OCR 
INFO:root:LIST AFTER TO ['  ', ' Government of India', ' ', ' ', ' Yashwarthan Lohra', ' CO: Yogesh Krishna Lalva.', ' 1806. Woodstock', ' Rodas Enclave Hranandani ECB Road', ' VTC Tha', ' PO. Sandazbeugh', ' Sub', ' State Maharashtra', ' PIN Code: 400607.', ' Mobile: 9310546301', ' MIGO72642097F1', ' District Thane', ' District Thane', '', '      Your Aadhaar No.:', ' 8616 8006 2346', '    ', '  ', ' Goverment of India', ' ', ' Yashwardhan Lohra', '   DOB 18 09 2011', '    Mae', ' 8616 8006 2346', '    ]"']
INFO:root:LIST after SO check [' 1806. Woodstock', ' Rodas Enclave Hranandani ECB Road', ' VTC Tha', ' PO. Sandazbeugh', ' Sub', ' State Maharashtra', ' PIN Code: 400607.', ' Mobile: 9310546301', ' MIGO72642097F1', ' District Thane', ' District Thane', '', '      Your Aadhaar No.:', ' 8616 8006 2346', '    ', '  ', ' Goverment of India', ' ', ' Yashwardhan Lohra', '   DOB 18 09 2011', '    Mae', ' 8616 8006 2346', '    ]"']
INFO:root:LIST BEFORE FINDING PIN CODE [' 1806. Woodstock', ' Rodas Enclave Hranandani ECB Road', ' VTC Tha', ' PO. Sandazbeugh', ' State Maharashtra', ' PIN Code: 400607.', ' Mobile: 9310546301', ' MIGO72642097F1', ' District Thane', ' District Thane', '      Your Aadhaar No.:', ' Goverment of India', '   DOB 18 09 2011', '    Mae', '    ]"']
INFO:root:LIST AFTER FINDING PIN CODE [' 1806. Woodstock', ' Rodas Enclave Hranandani ECB Road', ' VTC Tha', ' PO. Sandazbeugh', ' State Maharashtra']
INFO:root:SENT TO GOOGLE API : [' 1806. Woodstock', ' Rodas Enclave Hranandani ECB Road', ' VTC Tha', ' PO. Sandazbeugh', ' State Maharashtra'], PIN Code: 400607.,PINCODE FROM AADHAR
DEBUG:urllib3.connectionpool:Starting new HTTPS connection (1): maps.googleapis.com:443
DEBUG:urllib3.connectionpool:https://maps.googleapis.com:443 "GET /maps/api/geocode/json?address=%5B%27+1806.+Woodstock%27%2C+%27+Rodas+Enclave+Hranandani+ECB+Road%27%2C+%27+VTC+Tha%27%2C+%27+PO.+Sandazbeugh%27%2C+%27+State+Maharashtra%27%5D+PIN+Code%3A+400607.&key=AIzaSyDISrKu3mOEE100DwCDUvNsTeCssciGh4o HTTP/1.1" 200 2189
INFO:root:RESPONSE FROM GOOGLE API  ['Thane', ' Maharashtra 400607', ' India']
INFO:root:RUNNING BEFORE PINCODE OPERATION
INFO:root:RUNNING AFTER PINCODE OPERATION
INFO:root:LIST FOR PACK [' Rodas Enclave Hranandani ECB Road', ' VTC Tha', ' PO. Sandazbeugh']
INFO:root:{'Name': ' Yashwardhan Lohra', 'DOB': '   DOB 18 09 2011', 'GENDER': '    Mae', 'AADHAR NO': ' 8616 8006 2346', 'Flag': 'VERIFIED FROM GOOGLE MAPS API', 'House no': ' 1806. Woodstock', 'Building_name': ' Rodas Enclave Hranandani ECB Road', 'locality': ' PO. Sandazbeugh', 'street': ' VTC Tha', 'city': 'Thane', 'state': 'Maharashtra', 'country': ' India', 'PIN': '400607', 'LATITUDE': '19.2184129', 'LONGITUDE': '72.994773', 'status_code': 1, 'status_message': 'Success'}:::: SUCCESS RESPONSE
INFO:root:AADHAR FULL FUNCTION CALLED
INFO:root:{'Name': ' Yashwardhan Lohra', 'DOB': '   DOB 18 09 2011', 'GENDER': '    Mae', 'AADHAR NO': ' 8616 8006 2346', 'Flag': 'VERIFIED FROM GOOGLE MAPS API', 'House no': ' 1806. Woodstock', 'Building_name': ' Rodas Enclave Hranandani ECB Road', 'locality': ' PO. Sandazbeugh', 'street': ' VTC Tha', 'city': 'Thane', 'state': 'Maharashtra', 'country': ' India', 'PIN': '400607', 'LATITUDE': '19.2184129', 'LONGITUDE': '72.994773', 'status_code': 1, 'status_message': 'Success', 'file_name': '20230619161058532513.jpg'}:::::::::: FINAL RESULTS 
INFO:werkzeug:192.168.1.10 - - [19/Jun/2023 16:10:58] "POST /test/results HTTP/1.1" 200 -
