INFO:werkzeug:[31m[1mWARNING: This is a development server. Do not use it in a production deployment. Use a production WSGI server instead.[0m
 * Running on all addresses (0.0.0.0)
 * Running on http://127.0.0.1:5000
 * Running on http://192.168.1.10:5000
INFO:werkzeug:[33mPress CTRL+C to quit[0m
INFO:root:FILE RECIEVED TO API
INFO:root:<FileStorage: 'WhatsApp Image 2023-06-14 at 15.47.51.jpg' ('image/jpeg')> THIS IS TO BE RETURNED TO OCR 
INFO:root: jpg orig IMAGE SAVED TO SERVER
INFO:root:b"[and, SOD, w,  , Issue Date: 09 12 2016, 07264209,  , Government of India,    , Unique Identification Authority of India,     Enrollment No.: 2821 42107 02084, To,  , Yashwardhan Lohra, C O: Yogesh Krishna Lohra,, 1805, Woodstock, Rodas Enclave, Hiranandani Estate,, GB Road,, vre Thane,, PO: Sandozbaugh,, Sub District: Thane, District: Thane,, , State: Maharashtra,, PIN Code 400607,, Mobile: 9819546091, MG072642097FI,      Your Aadhaar No. :, 8616 8006 2346,  ,  ,  , Government of India,  , Yashwardhan Lohra,     DOB 16 09 2011,    Male, 8616 8006 2346,  ,  , ]":::: FORMATTED STRING FROM GOOGLE OCR 
INFO:root:LIST AFTER TO ['  ', ' Yashwardhan Lohra', ' C O: Yogesh Krishna Lohra', '', ' 1805', ' Woodstock', ' Rodas Enclave', ' Hiranandani Estate', '', ' GB Road', '', ' vre Thane', '', ' PO: Sandozbaugh', '', ' Sub District: Thane', ' District: Thane', '', ' ', ' State: Maharashtra', '', ' PIN Code 400607', '', ' Mobile: 9819546091', ' MG072642097FI', '      Your Aadhaar No. :', ' 8616 8006 2346', '  ', '  ', '  ', ' Government of India', '  ', ' Yashwardhan Lohra', '     DOB 16 09 2011', '    Male', ' 8616 8006 2346', '  ', '  ', ' ]"']
INFO:root:LIST after SO check ['', ' 1805', ' Woodstock', ' Rodas Enclave', ' Hiranandani Estate', '', ' GB Road', '', ' vre Thane', '', ' PO: Sandozbaugh', '', ' Sub District: Thane', ' District: Thane', '', ' ', ' State: Maharashtra', '', ' PIN Code 400607', '', ' Mobile: 9819546091', ' MG072642097FI', '      Your Aadhaar No. :', ' 8616 8006 2346', '  ', '  ', '  ', ' Government of India', '  ', ' Yashwardhan Lohra', '     DOB 16 09 2011', '    Male', ' 8616 8006 2346', '  ', '  ', ' ]"']
INFO:root:LIST BEFORE FINDING PIN CODE [' 1805', ' Woodstock', ' Rodas Enclave', ' Hiranandani Estate', ' GB Road', ' vre Thane', ' PO: Sandozbaugh', ' Sub District: Thane', ' District: Thane', ' State: Maharashtra', ' PIN Code 400607', ' Mobile: 9819546091', ' MG072642097FI', '      Your Aadhaar No. :', '     DOB 16 09 2011', '    Male']
INFO:root:LIST AFTER FINDING PIN CODE [' 1805', ' Woodstock', ' Rodas Enclave', ' Hiranandani Estate', ' GB Road', ' vre Thane', ' PO: Sandozbaugh', ' Sub District: Thane', ' District: Thane', ' State: Maharashtra']
INFO:root:SENT TO GOOGLE API : [' 1805', ' Woodstock', ' Rodas Enclave', ' Hiranandani Estate', ' GB Road', ' vre Thane', ' PO: Sandozbaugh', ' Sub District: Thane', ' District: Thane', ' State: Maharashtra'], PIN Code 400607,PINCODE FROM AADHAR
DEBUG:urllib3.connectionpool:Starting new HTTPS connection (1): maps.googleapis.com:443
DEBUG:urllib3.connectionpool:https://maps.googleapis.com:443 "GET /maps/api/geocode/json?address=%5B%27+1805%27%2C+%27+Woodstock%27%2C+%27+Rodas+Enclave%27%2C+%27+Hiranandani+Estate%27%2C+%27+GB+Road%27%2C+%27+vre+Thane%27%2C+%27+PO%3A+Sandozbaugh%27%2C+%27+Sub+District%3A+Thane%27%2C+%27+District%3A+Thane%27%2C+%27+State%3A+Maharashtra%27%5D+PIN+Code+400607&key=AIzaSyDISrKu3mOEE100DwCDUvNsTeCssciGh4o HTTP/1.1" 200 9543
INFO:root:RESPONSE FROM GOOGLE API  ['7X4P+JRP', ' Hiranandani Estate', ' Thane West', ' Thane', ' Maharashtra 400607', ' India']
INFO:root:RUNNING BEFORE PINCODE OPERATION
INFO:root:RUNNING AFTER PINCODE OPERATION
INFO:root:LIST FOR PACK [' Woodstock', ' Rodas Enclave', ' Hiranandani Estate', ' GB Road', ' PO: Sandozbaugh', ' Sub District: Thane', ' District: Thane']
INFO:root:{'Name': ' Yashwardhan Lohra', 'DOB': '     DOB 16 09 2011', 'GENDER': '    Male', 'AADHAR NO': ' 8616 8006 2346', 'Flag': 'VERIFIED FROM GOOGLE MAPS API', 'House no': ' 1805', 'Building_name': ' Woodstock', 'locality': ' PO: Sandozbaugh Sub District: Thane District: Thane', 'street': ' Rodas Enclave Hiranandani Estate GB Road', 'city': ' Thane', 'state': 'Maharashtra', 'country': ' India', 'PIN': '400607', 'LATITUDE': '19.2565757', 'LONGITUDE': '72.9870674', 'status_code': 1, 'status_message': 'Success'}:::: SUCCESS RESPONSE
INFO:root:AADHAR FULL FUNCTION CALLED
INFO:root:{'Name': ' Yashwardhan Lohra', 'DOB': '     DOB 16 09 2011', 'GENDER': '    Male', 'AADHAR NO': ' 8616 8006 2346', 'Flag': 'VERIFIED FROM GOOGLE MAPS API', 'House no': ' 1805', 'Building_name': ' Woodstock', 'locality': ' PO: Sandozbaugh Sub District: Thane District: Thane', 'street': ' Rodas Enclave Hiranandani Estate GB Road', 'city': ' Thane', 'state': 'Maharashtra', 'country': ' India', 'PIN': '400607', 'LATITUDE': '19.2565757', 'LONGITUDE': '72.9870674', 'status_code': 1, 'status_message': 'Success', 'file_name': '20230619154913979291.jpg'}:::::::::: FINAL RESULTS 
INFO:werkzeug:192.168.1.10 - - [19/Jun/2023 15:49:15] "POST /test/results HTTP/1.1" 200 -
INFO:root:FILE RECIEVED TO API
INFO:root:<FileStorage: 'name.jpeg' ('image/jpeg')> THIS IS TO BE RETURNED TO OCR 
INFO:root: jpg orig IMAGE SAVED TO SERVER
INFO:root:b"[HOM, 8, Date: 08122016,    , Unique Identification Authority of India,     Enrollment No.: 2821 42107 02084, 107264209, To,  , Government of India, , , Yashwarthan Lohra, CO: Yogesh Krishna Lalva., 1806. Woodstock, Rodas Enclave Hranandani ECB Road, VTC Tha, PO. Sandazbeugh, Sub, State Maharashtra, PIN Code: 400607., Mobile: 9310546301, MIGO72642097F1, District Thane, District Thane,,      Your Aadhaar No.:, 8616 8006 2346,    ,  , Goverment of India, , Yashwardhan Lohra,   DOB 18 09 2011,    Mae, 8616 8006 2346,    ]":::: FORMATTED STRING FROM GOOGLE OCR 
ERROR:root:{'Name': '', 'DOB': '', 'GENDER': '', 'AADHAR NO': '', 'Flag': '', 'House no': '', 'Building_name': '', 'locality': '', 'street': '', 'city': '', 'state': '', 'country': '', 'PIN': '', 'LATITUDE': '', 'LONGITUDE': '', 'status_code': 2, 'error_msg': "DIDN'T RECOGNIZE ,PLEASE PROCEED MANUALLY OR UPLOAD AGAIN"}cannot access local variable 'name' where it is not associated with a value:::: ERROR AADHAR STRIP
INFO:root:AADHAR FULL FUNCTION CALLED
INFO:root:{'Name': '', 'DOB': '', 'GENDER': '', 'AADHAR NO': '', 'Flag': '', 'House no': '', 'Building_name': '', 'locality': '', 'street': '', 'city': '', 'state': '', 'country': '', 'PIN': '', 'LATITUDE': '', 'LONGITUDE': '', 'status_code': 2, 'error_msg': "DIDN'T RECOGNIZE ,PLEASE PROCEED MANUALLY OR UPLOAD AGAIN", 'file_name': '20230619154935843489.jpg'}:::::::::: FINAL RESULTS 
INFO:werkzeug:192.168.1.10 - - [19/Jun/2023 15:49:35] "POST /test/results HTTP/1.1" 200 -
